<?xml version="1.0" encoding="UTF-8"?>
<testsuite name="com.roman.trello.tests.CreateBoardTests" tests="5" skipped="0" failures="0" errors="0" timestamp="2020-02-05T17:17:42" hostname="DESKTOP-TU4L92H" time="88.24">
  <properties/>
  <testcase name="testBoardCreationFromHeader" classname="com.roman.trello.tests.CreateBoardTests" time="20.17"/>
  <testcase name="testBoardCreationFromHeaderFromCSV[0](BoardData boardName='1'})" classname="com.roman.trello.tests.CreateBoardTests" time="17.0"/>
  <testcase name="testBoardCreationFromHeaderFromCSV[1](BoardData boardName='a'})" classname="com.roman.trello.tests.CreateBoardTests" time="17.08"/>
  <testcase name="testBoardCreationFromHeaderFromCSV[2](BoardData boardName='clnsjbbw4kmkfqh_kmjvi'})" classname="com.roman.trello.tests.CreateBoardTests" time="16.868"/>
  <testcase name="testBoardCreationFromHeaderFromCSV[3](BoardData boardName='&quot;gRKevt0sLwuxJn6sHBitYHUO2ikmH D8F9weec'})" classname="com.roman.trello.tests.CreateBoardTests" time="17.028"/>
  <system-out><![CDATA[19:17:42.233 [Test worker] INFO  com.roman.trello.tests.TestBase - Start testtestBoardCreationFromHeaderwith parameters[]
19:18:02.418 [Test worker] INFO  com.roman.trello.utils.Listener - testBoardCreationFromHeaderPassed Successful 
19:18:02.418 [Test worker] INFO  com.roman.trello.tests.TestBase - Stop testtestBoardCreationFromHeader
19:18:02.433 [Test worker] INFO  com.roman.trello.tests.TestBase - Start testtestBoardCreationFromHeaderFromCSVwith parameters[BoardData boardName='1'}]
19:18:19.449 [Test worker] INFO  com.roman.trello.utils.Listener - testBoardCreationFromHeaderFromCSVPassed Successful 
19:18:19.449 [Test worker] INFO  com.roman.trello.tests.TestBase - Stop testtestBoardCreationFromHeaderFromCSV
19:18:19.464 [Test worker] INFO  com.roman.trello.tests.TestBase - Start testtestBoardCreationFromHeaderFromCSVwith parameters[BoardData boardName='a'}]
19:18:36.560 [Test worker] INFO  com.roman.trello.utils.Listener - testBoardCreationFromHeaderFromCSVPassed Successful 
19:18:36.560 [Test worker] INFO  com.roman.trello.tests.TestBase - Stop testtestBoardCreationFromHeaderFromCSV
19:18:36.560 [Test worker] INFO  com.roman.trello.tests.TestBase - Start testtestBoardCreationFromHeaderFromCSVwith parameters[BoardData boardName='clnsjbbw4kmkfqh_kmjvi'}]
19:18:53.444 [Test worker] INFO  com.roman.trello.utils.Listener - testBoardCreationFromHeaderFromCSVPassed Successful 
19:18:53.444 [Test worker] INFO  com.roman.trello.tests.TestBase - Stop testtestBoardCreationFromHeaderFromCSV
19:18:53.444 [Test worker] INFO  com.roman.trello.tests.TestBase - Start testtestBoardCreationFromHeaderFromCSVwith parameters[BoardData boardName='"gRKevt0sLwuxJn6sHBitYHUO2ikmH D8F9weec'}]
19:19:10.488 [Test worker] INFO  com.roman.trello.utils.Listener - testBoardCreationFromHeaderFromCSVPassed Successful 
19:19:10.488 [Test worker] INFO  com.roman.trello.tests.TestBase - Stop testtestBoardCreationFromHeaderFromCSV
]]></system-out>
  <system-err><![CDATA[]]></system-err>
</testsuite>
