<?xml version="1.0" encoding="UTF-8"?>
<testsuite name="com.roman.trello.tests.BoardDeletionTests" tests="2" skipped="0" failures="0" errors="0" timestamp="2020-02-05T18:05:58" hostname="DESKTOP-TU4L92H" time="46.965">
  <properties/>
  <testcase name="testFirstBoardDeletion1" classname="com.roman.trello.tests.BoardDeletionTests" time="22.307"/>
  <testcase name="testFirstBoardDeletion2" classname="com.roman.trello.tests.BoardDeletionTests" time="24.627"/>
  <system-out><![CDATA[20:05:58.272 [Test worker] INFO  com.roman.trello.tests.TestBase - Start testtestFirstBoardDeletion1with parameters[]
20:06:20.611 [Test worker] INFO  com.roman.trello.utils.Listener - testFirstBoardDeletion1Passed Successful 
20:06:20.611 [Test worker] INFO  com.roman.trello.tests.TestBase - Stop testtestFirstBoardDeletion1
20:06:20.611 [Test worker] INFO  com.roman.trello.tests.TestBase - Start testtestFirstBoardDeletion2with parameters[]
20:06:45.269 [Test worker] INFO  com.roman.trello.utils.Listener - testFirstBoardDeletion2Passed Successful 
20:06:45.269 [Test worker] INFO  com.roman.trello.tests.TestBase - Stop testtestFirstBoardDeletion2
]]></system-out>
  <system-err><![CDATA[]]></system-err>
</testsuite>
