<?xml version="1.0" encoding="UTF-8"?>
<testsuite name="com.roman.trello.tests.BoardDeletionTests" tests="2" skipped="0" failures="0" errors="0" timestamp="2020-02-05T17:20:25" hostname="DESKTOP-TU4L92H" time="47.255">
  <properties/>
  <testcase name="testFirstBoardDeletion1" classname="com.roman.trello.tests.BoardDeletionTests" time="22.434"/>
  <testcase name="testFirstBoardDeletion2" classname="com.roman.trello.tests.BoardDeletionTests" time="24.789"/>
  <system-out><![CDATA[19:20:25.560 [Test worker] INFO  com.roman.trello.tests.TestBase - Start testtestFirstBoardDeletion1with parameters[]
19:20:48.041 [Test worker] INFO  com.roman.trello.utils.Listener - testFirstBoardDeletion1Passed Successful 
19:20:48.041 [Test worker] INFO  com.roman.trello.tests.TestBase - Stop testtestFirstBoardDeletion1
19:20:48.041 [Test worker] INFO  com.roman.trello.tests.TestBase - Start testtestFirstBoardDeletion2with parameters[]
19:21:12.862 [Test worker] INFO  com.roman.trello.utils.Listener - testFirstBoardDeletion2Passed Successful 
19:21:12.862 [Test worker] INFO  com.roman.trello.tests.TestBase - Stop testtestFirstBoardDeletion2
]]></system-out>
  <system-err><![CDATA[]]></system-err>
</testsuite>
