<?xml version="1.0" encoding="UTF-8"?>
<testsuite name="com.roman.trello.tests.CreateBoardTests" tests="5" skipped="0" failures="0" errors="0" timestamp="2020-02-05T18:03:15" hostname="DESKTOP-TU4L92H" time="88.014">
  <properties/>
  <testcase name="testBoardCreationFromHeader" classname="com.roman.trello.tests.CreateBoardTests" time="20.134"/>
  <testcase name="testBoardCreationFromHeaderFromCSV[0](BoardData boardName='1'})" classname="com.roman.trello.tests.CreateBoardTests" time="16.986"/>
  <testcase name="testBoardCreationFromHeaderFromCSV[1](BoardData boardName='a'})" classname="com.roman.trello.tests.CreateBoardTests" time="16.873"/>
  <testcase name="testBoardCreationFromHeaderFromCSV[2](BoardData boardName='clnsjbbw4kmkfqh_kmjvi'})" classname="com.roman.trello.tests.CreateBoardTests" time="16.901"/>
  <testcase name="testBoardCreationFromHeaderFromCSV[3](BoardData boardName='&quot;gRKevt0sLwuxJn6sHBitYHUO2ikmH D8F9weec'})" classname="com.roman.trello.tests.CreateBoardTests" time="17.026"/>
  <system-out><![CDATA[20:03:15.509 [Test worker] INFO  com.roman.trello.tests.TestBase - Start testtestBoardCreationFromHeaderwith parameters[]
20:03:35.658 [Test worker] INFO  com.roman.trello.utils.Listener - testBoardCreationFromHeaderPassed Successful 
20:03:35.658 [Test worker] INFO  com.roman.trello.tests.TestBase - Stop testtestBoardCreationFromHeader
20:03:35.674 [Test worker] INFO  com.roman.trello.tests.TestBase - Start testtestBoardCreationFromHeaderFromCSVwith parameters[BoardData boardName='1'}]
20:03:52.676 [Test worker] INFO  com.roman.trello.utils.Listener - testBoardCreationFromHeaderFromCSVPassed Successful 
20:03:52.676 [Test worker] INFO  com.roman.trello.tests.TestBase - Stop testtestBoardCreationFromHeaderFromCSV
20:03:52.676 [Test worker] INFO  com.roman.trello.tests.TestBase - Start testtestBoardCreationFromHeaderFromCSVwith parameters[BoardData boardName='a'}]
20:04:09.580 [Test worker] INFO  com.roman.trello.utils.Listener - testBoardCreationFromHeaderFromCSVPassed Successful 
20:04:09.580 [Test worker] INFO  com.roman.trello.tests.TestBase - Stop testtestBoardCreationFromHeaderFromCSV
20:04:09.580 [Test worker] INFO  com.roman.trello.tests.TestBase - Start testtestBoardCreationFromHeaderFromCSVwith parameters[BoardData boardName='clnsjbbw4kmkfqh_kmjvi'}]
20:04:26.496 [Test worker] INFO  com.roman.trello.utils.Listener - testBoardCreationFromHeaderFromCSVPassed Successful 
20:04:26.496 [Test worker] INFO  com.roman.trello.tests.TestBase - Stop testtestBoardCreationFromHeaderFromCSV
20:04:26.496 [Test worker] INFO  com.roman.trello.tests.TestBase - Start testtestBoardCreationFromHeaderFromCSVwith parameters[BoardData boardName='"gRKevt0sLwuxJn6sHBitYHUO2ikmH D8F9weec'}]
20:04:43.538 [Test worker] INFO  com.roman.trello.utils.Listener - testBoardCreationFromHeaderFromCSVPassed Successful 
20:04:43.538 [Test worker] INFO  com.roman.trello.tests.TestBase - Stop testtestBoardCreationFromHeaderFromCSV
]]></system-out>
  <system-err><![CDATA[]]></system-err>
</testsuite>
